Arguments: 
  /usr/local/Cellar/node/17.3.0/bin/node /usr/local/Cellar/yarn/1.22.17_2/libexec/bin/yarn.js

PATH: 
  /usr/local/bin:/usr/bin:/bin:/usr/sbin:/sbin

Yarn version: 
  1.22.17

Node version: 
  17.3.0

Platform: 
  darwin x64

Trace: 
  SyntaxError: /Users/lucasarcoverde/workspaces/lh-integration/package.json: Unexpected token } in JSON at position 286
      at JSON.parse (<anonymous>)
      at /usr/local/Cellar/yarn/1.22.17_2/libexec/lib/cli.js:1625:59
      at Generator.next (<anonymous>)
      at step (/usr/local/Cellar/yarn/1.22.17_2/libexec/lib/cli.js:310:30)
      at /usr/local/Cellar/yarn/1.22.17_2/libexec/lib/cli.js:321:13

npm manifest: 
  {
    "name": "lh-integration",
    "version": "0.1.0",
    "private": true,
    "dependencies": {},
    "scripts": {
      "start": "yarn workspace lh-app start",
      "build": "yarn workspace lh-app build",
      "test": "yarn workspace lh-app test",
      "eject": "yarn workspace lh-app eject"
    },
  }

yarn manifest: 
  No manifest

Lockfile: 
  No lockfile
